D:\devpool\projects\demo\SUDOKU\SUDOKU.EXW:154 in procedure drawCell()
variable cc has not been assigned a value
    row = 1
    col = 1
    b = 1
    n = 0
    x = 0
    y = 0
    r = <novalue>
    c = <novalue>
... called from D:\devpool\projects\demo\SUDOKU\SUDOKU.EXW:219 in procedure drawCells()
    i = 1
    j = 1
... called from D:\devpool\projects\demo\SUDOKU\SUDOKU.EXW:697

Global & Local Variables

 D:\devpool\Phixsetup1.0.4\Phix\builtins\cffi.e:
    s = "BOOL WINAPI PrintDlg(\n  _Inout_  LPPRINTDLG lppd\n);                 \n"
    ch = 41')'
    sidx = 50'2'
    L = 4
    SizeNames = {`char`,`uchar`,`short`,`ushort`,`int`,`uint`,`long`,`ulong`,`float`,`double`,`int64`,`uint64`,`ptr`,`size_t`}
    SizeSigns = {1,0,1,0,1,0,1,0,1,1,1,0,1,1}
    Sizes = {{1,1},{1,1},{2,2},{2,2},{4,4},{4,4},{4,4},{4,4},{4,4},{8,8},{8,8},{8,8},{4,8},{4,8}}
    as_char = 1
    as_uchar = 2
    as_int = 5
    as_uint = 6
    as_ptr = 13
    as_short = 3
    as_ushort = 4
    as_long = 7
    as_ulong = 8
    as_float = 9
    as_double = 10
    as_int64 = 11
    as_uint64 = 12
    AltNames[1..12] = {`PWORD`,`PDWORD`,`PBYTE`,`PBOOLEAN`,`HANDLE`,`HACCEL`,`HBITMAP`,`HBRUSH`,`HCOLORSPACE`,`HCONV`,`HCONVLIST`,`HDC`}
    AltNames[13..24] = {`HDDEDATA`,`HDESK`,`HDROP`,`HDWP`,`HENHMETAFILE`,`HFONT`,`HGDIOBJ`,`HGLOBAL`,`HHOOK`,`HICON`,`HCURSOR`,`HINSTANCE`}
    AltNames[25..37] = {`HKEY`,`HKL`,`HLOCAL`,`HMENU`,`HMETAFILE`,`HMODULE`,`HMONITOR`,`HPALETTE`,`HPEN`,`HRGN`,`HRSRC`,`HSZ`,`HTREEITEM`}
    AltNames[38..49] = {`HWINSTA`,`HWND`,`PBOOL`,`PCHAR`,`PCSTR`,`PCTSTR`,`PCWSTR`,`PDWORDLONG`,`PDWORD_PTR`,`PDWORD32`,`PDWORD64`,`PFLOAT`}
    AltNames[50..61] = {`PHANDLE`,`PHKEY`,`PINT`,`PINT_PTR`,`PINT8`,`PINT16`,`PINT32`,`PINT64`,`PLCID`,`PLONG`,`PLONGLONG`,`PLONG_PTR`}
    AltNames[62..73] = {`PLONG32`,`PLONG64`,`PSHORT`,`PSTR`,`PTBYTE`,`PTCHAR`,`PTSTR`,`PUCHAR`,`PUINT`,`PUINT_PTR`,`PUINT8`,`PUINT16`}
    AltNames[74..84] = {`PUINT32`,`PUINT64`,`PULONG`,`PULONGLONG`,`PULONG_PTR`,`PULONG32`,`PULONG64`,`PUSHORT`,`PVOID`,`PWCHAR`,`PWSTR`}
    AltNames[85..96] = {`UINT_PTR`,`WPARAM`,`LONG_PTR`,`LRESULT`,`DWORD_PTR`,`ULONG_PTR`,`INT_PTR`,`WNDPROC`,`BYTE`,`BOOLEAN`,`CCHAR`,`CHAR`}
    AltNames[97..110] = {`INT8`,`gint8`,`UCHAR`,`UINT8`,`u_char`,`WORD`,`ATOM`,`LANGID`,`INT16`,`SHORT`,`UINT16`,`guint16`,`USHORT`,`WCHAR`}
    AltNames[111..124] = {`u_short`,`BOOL`,`HFILE`,`INT`,`INT32`,`LONG32`,`gint`,`REGSAM`,`DWORD32`,`UINT`,`UINT32`,`guint32`,`ULONG32`,`guint`}
    AltNames[125..137] = {`LONG`,`HRESULT`,`DWORD`,`COLORREF`,`LCID`,`LCTYPE`,`LGRPID`,`SOCKET`,`ULONG`,`u_long`,`FLOAT`,`gdouble`,`INT64`}
    AltNames[138..147] = {`LONGLONG`,`LONG64`,`DWORDLONG`,`DWORD64`,`QWORD`,`UINT64`,`uint64_t`,`ULONGLONG`,`ULONG64`,`GdkEventType`}
    AltNames[148..157] = {`GdkCrossingMode`,`GdkNotifyType`,`gboolean`,`gint16`,`byte`,`ubyte`,`ModifierType`,`PRECT`,`PPOINT`,`PWNDCLASSEX`}
    AltNames[158..165] = {`PMSG`,`LPMSG`,`LPOPENFILENAME`,`PBROWSEINFO`,`LPBROWSEINFO`,`PCOMBOBOXINFO`,`LPCOMBOBOXINFO`,`PCOMBOBOXEXITEM`}
    AltNames[166..173] = {`LPMENUITEMINFO`,`LPPRINTDLG`,`LPPRINTDLGEX`,`LPDOCINFO`,`LPINITCOMMONCONTROLSEX`,`PBITMAP`,`PTOOLINFO`,`LPTOOLINFO`}
    AltNames[174..178] = {`PEDITBALLOONTIP`,`LPCHOOSEFONT`,`PLOGFONT`,`LPLVITEM`,`LPLVCOLUMN`}
    AltSize[1..39] = {13,13,13,13,13,13,13,13,13,13,13,13,13,13,13,13,13,13,13,13,13,13,13,13,13,13,13,13,13,13,13,13,13,13,13,13,13,13,13}
    AltSize[40..78] = {13,13,13,13,13,13,13,13,13,13,13,13,13,13,13,13,13,13,13,13,13,13,13,13,13,13,13,13,13,13,13,13,13,13,13,13,13,13,13}
    AltSize[79..130] = {13,13,13,13,13,13,13,13,13,13,13,13,13,13,1,1,1,1,1,1,2,2,2,3,3,3,3,3,4,4,4,4,4,5,5,5,5,5,5,5,6,6,6,6,6,6,7,7,8,8,8,8}
    AltSize[131..174] = {8,8,8,8,9,10,11,11,11,12,12,12,12,12,12,12,7,5,5,5,3,1,2,5,13,13,13,13,13,13,13,13,13,13,13,13,13,13,13,13,13,13,13,13}
    AltSize[175..178] = {13,13,13,13}
    unicode = 0
    UnicodeNames = {`TBYTE`,`TCHAR`}
    UnicodeAs = {{1,4},{1,4}}
    convert_types = 0
    structs[1..9] = {`CHARRANGE`,`RECT`,`POINT`,`WNDCLASSEX`,`MSG`,`OPENFILENAME`,`BROWSEINFO`,`COMBOBOXINFO`,`COMBOBOXEXITEM`}
    structs[10..17] = {`MENUITEMINFO`,`PRINTDLG`,`PRINTDLGEX`,`DOCINFO`,`INITCOMMONCONTROLSEX`,`BITMAP`,`TOOLINFO`,`EDITBALLOONTIP`}
    structs[18..22] = {`FINDTEXTEX`,`CHOOSEFONT`,`LOGFONT`,`LVITEM`,`LVCOLUMN`}
    stsizes = {8,16,8,80'P',48'0',152,64'@',64'@',56'8',80'P',120'x',136,40'(',8,32' ',80'P',32' ',24,104'h',60'<',72'H',56'8'}
    saligns = {4,4,4,8,8,8,8,16,8,8,8,8,8,4,8,16,8,8,8,4,8,8}
    smembers[1] = {{`cpMin`,`cpMax`},{{`LONG`,4,0,1},{`LONG`,4,4,1}}}
    smembers[2] = {{`left`,`top`,`right`,`bottom`},{{`LONG`,4,0,1},{`LONG`,4,4,1},{`LONG`,4,8,1},{`LONG`,4,12,1}}}
    smembers[3] = {{`x`,`y`},{{`LONG`,4,0,1},{`LONG`,4,4,1}}}
    smembers[4][1][1..9] = {`cbSize`,`style`,`lpfnWndProc`,`cbClsExtra`,`cbWndExtra`,`hInstance`,`hIcon`,`hCursor`,`hbrBackground`}
    smembers[4][1][10..12] = {`lpszMenuName`,`lpszClassName`,`hIconSm`}
    smembers[4][2][1..6] = {{`UINT`,4,0,0},{`UINT`,4,4,0},{`WNDPROC`,8,8,1},{`int`,4,16,1},{`int`,4,20,1},{`HINSTANCE`,8,24,1}}
    smembers[4][2][7..11] = {{`HICON`,8,32' ',1},{`HCURSOR`,8,40'(',1},{`HBRUSH`,8,48'0',1},{`LPCTSTR`,8,56'8',1},{`LPCTSTR`,8,64'@',1}}
    smembers[4][2][12] = {`HICON`,8,72'H',1}
    smembers[5][1] = {`hwnd`,`message`,`wParam`,`lParam`,`time`,`pt.x`,`pt.y`}
    smembers[5][2][1..6] = {{`HWND`,8,0,1},{`UINT`,4,8,0},{`WPARAM`,8,16,1},{`LPARAM`,8,24,1},{`DWORD`,4,32' ',0},{`LONG`,4,36'$',1}}
    smembers[5][2][7] = {`LONG`,4,40'(',1}
    smembers[6][1][1..7] = {`lStructSize`,`hwndOwner`,`hInstance`,`lpstrFilter`,`lpstrCustomFilter`,`nMaxCustFilter`,`nFilterIndex`}
    smembers[6][1][8..15] = {`lpstrFile`,`nMaxFile`,`lpstrFileTitle`,`nMaxFileTitle`,`lpstrInitialDir`,`lpstrTitle`,`Flags`,`nFileOffset`}
    smembers[6][1][16..23] = {`nFileExtension`,`lpstrDefExt`,`lCustData`,`lpfnHook`,`lpTemplateName`,`pvReserved`,`dwReserved`,`FlagsEx`}
    smembers[6][2][1..6] = {{`DWORD`,4,0,0},{`HWND`,8,8,1},{`HINSTANCE`,8,16,1},{`LPCTSTR`,8,24,1},{`LPTSTR`,8,32' ',1},{`DWORD`,4,40'(',0}}
    smembers[6][2][7..11] = {{`DWORD`,4,44',',0},{`LPTSTR`,8,48'0',1},{`DWORD`,4,56'8',0},{`LPTSTR`,8,64'@',1},{`DWORD`,4,72'H',0}}
    smembers[6][2][12..16] = {{`LPCTSTR`,8,80'P',1},{`LPCTSTR`,8,88'X',1},{`DWORD`,4,96'`',0},{`WORD`,2,100'd',1},{`WORD`,2,102'f',1}}
    smembers[6][2][17..21] = {{`LPCTSTR`,8,104'h',1},{`LPARAM`,8,112'p',1},{`LPOFNHOOKPROC`,8,120'x',1},{`LPCTSTR`,8,128,1},{`ptr`,8,136,1}}
    smembers[6][2][22..23] = {{`DWORD`,4,144,0},{`DWORD`,4,148,0}}
    smembers[7][1] = {`hwndOwner`,`pidlRoot`,`pszDisplayName`,`lpszTitle`,`ulFlags`,`lpfn`,`lParam`,`iImage`}
    smembers[7][2][1..5] = {{`HWND`,8,0,1},{`PVOID`,8,8,1},{`LPTSTR`,8,16,1},{`LPCTSTR`,8,24,1},{`UINT`,4,32' ',0}}
    smembers[7][2][6..8] = {{`BFFCALLBACK`,8,40'(',1},{`LPARAM`,8,48'0',1},{`int`,4,56'8',1}}
    smembers[8][1][1..7] = {`cbSize`,`rcItem.left`,`rcItem.top`,`rcItem.right`,`rcItem.bottom`,`rcButton.left`,`rcButton.top`}
    smembers[8][1][8..13] = {`rcButton.right`,`rcButton.bottom`,`stateButton`,`hwndCombo`,`hwndItem`,`hwndList`}
    smembers[8][2][1..7] = {{`DWORD`,4,0,0},{`LONG`,4,4,1},{`LONG`,4,8,1},{`LONG`,4,12,1},{`LONG`,4,16,1},{`LONG`,4,20,1},{`LONG`,4,24,1}}
    smembers[8][2][8..13] = {{`LONG`,4,28,1},{`LONG`,4,32' ',1},{`DWORD`,4,36'$',0},{`HWND`,8,40'(',1},{`HWND`,8,48'0',1},{`HWND`,8,56'8',1}}
    smembers[9][1] = {`mask`,`iItem`,`pszText`,`cchTextMax`,`iImage`,`iSelectedImage`,`iOverlay`,`iIndent`,`lParam`}
    smembers[9][2][1..6] = {{`UINT`,4,0,0},{`INT_PTR`,8,8,1},{`LPTSTR`,8,16,1},{`int`,4,24,1},{`int`,4,28,1},{`int`,4,32' ',1}}
    smembers[9][2][7..9] = {{`int`,4,36'$',1},{`int`,4,40'(',1},{`LPARAM`,8,48'0',1}}
    smembers[10][1][1..10] = {`cbSize`,`fMask`,`fType`,`fState`,`wID`,`hSubMenu`,`hbmpChecked`,`hbmpUnchecked`,`dwItemData`,`dwTypeData`}
    smembers[10][1][11..12] = {`cch`,`hbmpItem`}
    smembers[10][2][1..6] = {{`UINT`,4,0,0},{`UINT`,4,4,0},{`UINT`,4,8,0},{`UINT`,4,12,0},{`UINT`,4,16,0},{`HMENU`,8,24,1}}
    smembers[10][2][7..11] = {{`HBITMAP`,8,32' ',1},{`HBITMAP`,8,40'(',1},{`ULONG_PTR`,8,48'0',1},{`LPTSTR`,8,56'8',1},{`UINT`,4,64'@',0}}
    smembers[10][2][12] = {`HBITMAP`,8,72'H',1}
    smembers[11][1][1..10] = {`lStructSize`,`hwndOwner`,`hDevMode`,`hDevNames`,`hDC`,`Flags`,`nFromPage`,`nToPage`,`nMinPage`,`nMaxPage`}
    smembers[11][1][11..17] = {`nCopies`,`hInstance`,`lCustData`,`lpfnPrintHook`,`lpfnSetupHook`,`lpPrintTemplateName`,`lpSetupTemplateName`}
    smembers[11][1][18..19] = {`hPrintTemplate`,`hSetupTemplate`}
    smembers[11][2][1..6] = {{`DWORD`,4,0,0},{`HWND`,8,8,1},{`HGLOBAL`,8,16,1},{`HGLOBAL`,8,24,1},{`HDC`,8,32' ',1},{`DWORD`,4,40'(',0}}
    smembers[11][2][7..11] = {{`WORD`,2,44',',1},{`WORD`,2,46'.',1},{`WORD`,2,48'0',1},{`WORD`,2,50'2',1},{`WORD`,2,52'4',1}}
    smembers[11][2][12..15] = {{`HINSTANCE`,8,56'8',1},{`LPARAM`,8,64'@',1},{`LPPRINTHOOKPROC`,8,72'H',1},{`LPSETUPHOOKPROC`,8,80'P',1}}
    smembers[11][2][16..19] = {{`LPCTSTR`,8,88'X',1},{`LPCTSTR`,8,96'`',1},{`HGLOBAL`,8,104'h',1},{`HGLOBAL`,8,112'p',1}}
    smembers[12][1][1..9] = {`lStructSize`,`hwndOwner`,`hDevMode`,`hDevNames`,`hDC`,`Flags`,`Flags2`,`ExclusionFlags`,`nPageRanges`}
    smembers[12][1][10..17] = {`nMaxPageRanges`,`lpPageRanges`,`nMinPage`,`nMaxPage`,`nCopies`,`hInstance`,`lpPrintTemplateName`,`lpCallback`}
    smembers[12][1][18..21] = {`nPropertyPages`,`lphPropertyPages`,`nStartPage`,`dwResultAction`}
    smembers[12][2][1..6] = {{`DWORD`,4,0,0},{`HWND`,8,8,1},{`HGLOBAL`,8,16,1},{`HGLOBAL`,8,24,1},{`HDC`,8,32' ',1},{`DWORD`,4,40'(',0}}
    smembers[12][2][7..11] = {{`DWORD`,4,44',',0},{`DWORD`,4,48'0',0},{`DWORD`,4,52'4',0},{`DWORD`,4,56'8',0},{`LPPRINTPAGERANGE`,8,64'@',1}}
    smembers[12][2][12..16] = {{`DWORD`,4,72'H',0},{`DWORD`,4,76'L',0},{`DWORD`,4,80'P',0},{`HINSTANCE`,8,88'X',1},{`LPCTSTR`,8,96'`',1}}
    smembers[12][2][17..21] = {{`LPUNKNOWN`,8,104'h',1},{`DWORD`,4,112'p',0},{`ptr`,8,120'x',1},{`DWORD`,4,128,0},{`DWORD`,4,132,0}}
    smembers[13][1] = {`cbSize`,`lpszDocName`,`lpszOutput`,`lpszDatatype`,`fwType`}
    smembers[13][2] = {{`int`,4,0,1},{`LPCTSTR`,8,8,1},{`LPCTSTR`,8,16,1},{`LPCTSTR`,8,24,1},{`DWORD`,4,32' ',0}}
    smembers[14] = {{`dwSize`,`dwICC`},{{`DWORD`,4,0,0},{`DWORD`,4,4,0}}}
    smembers[15][1] = {`bmType`,`bmWidth`,`bmHeight`,`bmWidthBytes`,`bmPlanes`,`bmBitsPixel`,`bmBits`}
    smembers[15][2] = {{`LONG`,4,0,1},{`LONG`,4,4,1},{`LONG`,4,8,1},{`LONG`,4,12,1},{`WORD`,2,16,1},{`WORD`,2,18,1},{`LPVOID`,8,24,1}}
    smembers[16][1][1..11] = {`cbSize`,`uFlags`,`hwnd`,`uId`,`rect.left`,`rect.top`,`rect.right`,`rect.bottom`,`hinst`,`lpszText`,`lParam`}
    smembers[16][1][12] = `lpReserved`
    smembers[16][2][1..6] = {{`UINT`,4,0,0},{`UINT`,4,4,0},{`HWND`,8,8,1},{`UINT_PTR`,8,16,1},{`LONG`,4,24,1},{`LONG`,4,28,1}}
    smembers[16][2][7..11] = {{`LONG`,4,32' ',1},{`LONG`,4,36'$',1},{`HINSTANCE`,8,40'(',1},{`LPTSTR`,8,48'0',1},{`LPARAM`,8,56'8',1}}
    smembers[16][2][12] = {`ptr`,8,64'@',1}
    smembers[17] = {{`cbStruct`,`pszTitle`,`pszText`,`ttiIcon`},{{`DWORD`,4,0,0},{`LPCWSTR`,8,8,1},{`LPCWSTR`,8,16,1},{`INT`,4,24,1}}}
    smembers[18][1] = {`chrg.cpMin`,`chrg.cpMax`,`lpstrText`,`chrgText.cpMin`,`chrgText.cpMax`}
    smembers[18][2] = {{`LONG`,4,0,1},{`LONG`,4,4,1},{`LPCTSTR`,8,8,1},{`LONG`,4,16,1},{`LONG`,4,20,1}}
    smembers[19][1][1..9] = {`lStructSize`,`hwndOwner`,`hDC`,`lpLogFont`,`iPointSize`,`Flags`,`rgbColors`,`lCustData`,`lpfnHook`}
    smembers[19][1][10..15] = {`lpTemplateName`,`hInstance`,`lpszStyle`,`nFontType`,`nSizeMin`,`nSizeMax`}
    smembers[19][2][1..6] = {{`DWORD`,4,0,0},{`HWND`,8,8,1},{`HDC`,8,16,1},{`LPLOGFONT`,8,24,1},{`INT`,4,32' ',1},{`DWORD`,4,36'$',0}}
    smembers[19][2][7..10] = {{`COLORREF`,4,40'(',0},{`LPARAM`,8,48'0',1},{`LPCFHOOKPROC`,8,56'8',1},{`LPCTSTR`,8,64'@',1}}
    smembers[19][2][11..15] = {{`HINSTANCE`,8,72'H',1},{`LPTSTR`,8,80'P',1},{`WORD`,2,88'X',1},{`INT`,4,92'\\',1},{`INT`,4,96'`',1}}
    smembers[20][1][1..8] = {`lfHeight`,`lfWidth`,`lfEscapement`,`lfOrientation`,`lfWeight`,`lfItalic`,`lfUnderline`,`lfStrikeOut`}
    smembers[20][1][9..14] = {`lfCharSet`,`lfOutPrecision`,`lfClipPrecision`,`lfQuality`,`lfPitchAndFamily`,`lfFaceName`}
    smembers[20][2][1..7] = {{`LONG`,4,0,1},{`LONG`,4,4,1},{`LONG`,4,8,1},{`LONG`,4,12,1},{`LONG`,4,16,1},{`BYTE`,1,20,1},{`BYTE`,1,21,1}}
    smembers[20][2][8..13] = {{`BYTE`,1,22,1},{`BYTE`,1,23,1},{`BYTE`,1,24,1},{`BYTE`,1,25,1},{`BYTE`,1,26,1},{`BYTE`,1,27,1}}
    smembers[20][2][14] = {`TCHAR`,1,28,1}
    smembers[21][1][1..11] = {`mask`,`iItem`,`iSubItem`,`state`,`stateMask`,`pszText`,`cchTextMax`,`iImage`,`lParam`,`iIndent`,`iGroupId`}
    smembers[21][1][12..15] = {`cColumns`,`puColumns`,`piColFmt`,`iGroup`}
    smembers[21][2][1..7] = {{`UINT`,4,0,0},{`int`,4,4,1},{`int`,4,8,1},{`UINT`,4,12,0},{`UINT`,4,16,0},{`LPTSTR`,8,24,1},{`int`,4,32' ',1}}
    smembers[21][2][8..12] = {{`int`,4,36'$',1},{`LPARAM`,8,40'(',1},{`int`,4,48'0',1},{`int`,4,52'4',1},{`UINT`,4,56'8',0}}
    smembers[21][2][13..15] = {{`UINT`,4,60'<',0},{`int`,4,64'@',1},{`int`,4,68'D',1}}
    smembers[22][1] = {`mask`,`fmt`,`cx`,`pszText`,`cchTextMax`,`iSubItem`,`iImage`,`iOrder`,`cxMin`,`cxDefault`,`cxIdeal`}
    smembers[22][2][1..7] = {{`UINT`,4,0,0},{`int`,4,4,1},{`int`,4,8,1},{`LPTSTR`,8,16,1},{`int`,4,24,1},{`int`,4,28,1},{`int`,4,32' ',1}}
    smembers[22][2][8..11] = {{`int`,4,36'$',1},{`int`,4,40'(',1},{`int`,4,44',',1},{`int`,4,48'0',1}}
    dll_names = {}
    dll_addrs = {}
    C_SIZES = {{2,1},{2,0},{4,0},{4,1},{8,0},{8,1}}
    C_CONSTS = {16777218,33554434,33554436,16777220,33554440,33554440}
    cffi_init = 1

 D:\devpool\projects\demo\SUDOKU\tinEWG_const.ew:
    WM_USER = 1024
    MAX_PATH = 260
    SBARS_SIZEGRIP = 256
    SBARS_TOOLTIPS = 2048
    SBT_TOOLTIPS = 2048
    SB_SETTEXTA = 1025
    SB_SETTEXTW = 1035
    SB_GETTEXTA = 1026
    SB_GETTEXTW = 1037
    SB_GETTEXTLENGTHA = 1027
    SB_GETTEXTLENGTHW = 1036
    SB_SETTIPTEXTA = 1040
    SB_SETTIPTEXTW = 1041
    SB_GETTIPTEXTA = 1042
    SB_GETTIPTEXTW = 1043
    SB_GETICON = 1044
    SB_SETPARTS = 1028
    SB_GETPARTS = 1030
    SB_GETBORDERS = 1031
    SB_SETMINHEIGHT = 1032
    SB_SIMPLE = 1033
    SB_GETRECT = 1034
    SB_ISSIMPLE = 1038
    SB_SETICON = 1039
    SB_GETTEXT = 1026
    SB_SETTEXT = 1025
    SB_GETTEXTLENGTH = 1027
    SB_SETTIPTEXT = 1040
    SB_GETTIPTEXT = 1042
    SBT_OWNERDRAW = 4096
    SBT_NOBORDERS = 256
    SBT_POPOUT = 512
    SBT_RTLREADING = 1024
    SBT_NOTABPARSING = 2048
    SB_SETBKCOLOR = 8193
    SB_SIMPLEID = 255
    form_spec_def = `%d`
    WINVERSIONMAJOR = 10
    WINVERSIONMINOR = 0
    BUILDNUMBER = 19045
    PLATFORMID = 2
    WINVER = 10
    SERVICEPACK = ``
    WINVERSION = `Microsoft Windows`

 D:\devpool\projects\demo\SUDOKU\winapi.ew:
    pRegC = 13556152.0
    MSG = 9122808.0
    pOFN = 16965880.0
    pBROWSEINFO = 16191992.0
    pCOMBOBOXINFO = 11398864.0
    pCOMBOBOXEXITEM = 17724168.0
    pMENUITEMINFO = 49608584.0
    pPD = 9773736.0
    pPDEX = 11740776.0
    pDOCINFO = 13699328.0
    pINITCOMCON = 9563496.0
    pBITMAP = 11423592.0
    pTOOLINFO = 13056664.0
    pBALLOONTIP = 14273352.0
    pFINDTEXTEX = 13056048.0
    pCHOOSEFONT = 13040296.0
    pLOGFONT = 11437760.0
    pLVITEM = 14085736.0
    pLVCOLUMN = 15466712.0

 D:\devpool\projects\demo\SUDOKU\tinlib.ew:
    INPROC = 0
    myLoadIcon = 13
    myLoadCursor = 14
    mySetCursor = 15
    myGetStockObject = 5
    myRegisterClassEx = 17
    myCreateWindow = 18
    myCreate = <novalue>
    myShowWindow = 19
    myUpdateWindow = 20
    myGetMessage = 21
    myPeekMessage = 22
    myTranslateMessage = 23
    myDispatchMessage = 24
    myPlaySound = 25
    myBeginPaint = 26
    myGetClientRect = 27
    myDrawText = 29
    myEndPaint = 30
    myPostQuitMessage = 31
    myDefWindowProc = 32' '
    mySetWindowText = 38'&'
    myGetWindowText = 39'''
    myGetDesktopWindow = 40'('
    myGetActiveWindow = 135
    mySetActiveWindow = 134
    myGetTopWindow = 43'+'
    myGetNextWindow = 44','
    myMessageBox = 45'-'
    mySetForegroundWindow = 132
    myGetVersionEx = 127
    mySetWindowsHookEx = 50'2'
    myUnhookWindowsHookEx = 51'3'
    myCallNextHookEx = 52'4'
    myExitWindowsEx = 53'5'
    myGetClassName = 54'6'
    myGetDC = 63'?'
    myGetWindowDC = 64'@'
    myReleaseDC = 66'B'
    mySleep = 55'7'
    mySetBkColor = 69'E'
    myCreateSolidBrush = 70'F'
    myDeleteObject = 71'G'
    myGetSysColorBrush = 72'H'
    myInvalidateRect = 73'I'
    myGetWindowRect = 28
    mySelectObject = 75'K'
    myStretchBlt = 90'Z'
    myBitBlt = 91'['
    mySetStretchBltMode = 97'a'
    myDeleteDC = 65'A'
    myCreateFont = 92'\\'
    myGetTextExtentPoint32 = 95'_'
    myChooseFont = 93']'
    myGetDeviceCaps = 136
    myGetObject = 96'`'
    myEllipse = 79'O'
    myMapVirtualKey = 33'!'
    myPostMessage = 34'"'
    mykeybd_event = 36'$'
    myGetKeyState = 37'%'
    mySetBkMode = 67'C'
    mySetTextColor = 68'D'
    myFindWindow1 = 60'<'
    myWinExec = 61'='
    myLoadImage = 16
    mySendMessage = 35'#'
    myBringWindowToTop = 133
    mySetFocus = 47'/'
    myIsZoomed = 58':'
    myIsIconic = 57'9'
    myCloseClipboard = 159
    myOpenClipboard = 156
    myEmptyClipboard = 157
    mySetClipboardData = 158
    myCreateToolhelp32Snapshot = 101'e'
    myCloseHandle = 102'f'
    myModule32First = 103'g'
    myModule32Next = 104'h'
    myGetLastError = 107'k'
    myProcess32First = 105'i'
    myProcess32Next = 106'j'
    myGetWindowThreadProcessId = 128
    myGetCurrentThreadId = 129
    myAttachThreadInput = 130
    myGetForegroundWindow = 131
    mySetTimer = 98'b'
    myKillTimer = 99'c'
    myMoveWindow = 100'd'
    myIsWindowVisible = 56'8'
    myEnumWindows = 59';'
    myGetSystemMetrics = 113'q'
    mySetWindowTheme = 112'p'
    myInitCommonControlsEx = 114'r'
    myEnableWindow = 115's'
    myRedrawWindow = 74'J'
    myChildWindowFromPoint = 116't'
    myAnimateWindow = 117'u'
    myDestroyWindow = 62'>'
    myAppendMenu = 145
    myCheckMenuItem = 146
    myCreateMenu = 147
    myDestroyMenu = 148
    myEnableMenuItem = 149
    mySetMenu = 150
    myCreatePopupMenu = 151
    myTrackPopupMenu = 152
    myDrawMenuBar = 153
    mySetMenuItemBitmaps = 154
    myGetMenuItemInfo = 155
    myGetOpenFileName = 118'v'
    myGetSaveFileName = 119'w'
    myCommDlgExtendedError = 120'x'
    myCallWindowProc = 121'y'
    myGetWindowLong = 123'{'
    mySetWindowLong = 122'z'
    myMultiByteToWideChar = 124'|'
    myGetSysColor = 125'}'
    myShellExecute = 126
    myCreateCompatibleDC = 76'L'
    myCreateCompatibleBitmap = 77'M'
    myRectangle = 78'N'
    mySetDCBrushColor = 80'P'
    mySetDCPenColor = 81'Q'
    myFillRect = 82'R'
    myMoveTo = 83'S'
    myLineTo = 84'T'
    myPolyLine = 85'U'
    myPolygon = 86'V'
    myCreatePen = 87'W'
    myGetPixel = 88'X'
    mySetPixel = 89'Y'
    myTextOut = 94'^'
    myGetDefaultPrinter = 137
    myStartDoc = 138
    myEndDoc = 139
    myStartPage = 140
    myEndPage = 141
    myCreateDC = 142
    myPrintWindow = 143
    myPrintDlg = 144
    myFindExecutable = 1
    myAssocQueryString = 2
    mySetLayeredWindowAttributes = 160
    mymciSendString = 161
    myGetShortPathName = 162
    mySetProcessDefaultLayout = 163
    PID = <novalue>
    lpWideCharStr = 16885880
    myBrowseFolder = 11
    mySHGetPathFromIDList = 12
    th_modulname = <novalue>
    th_pathname = <novalue>
    th_procname = <novalue>
    myGetCurrentProcess = 165
    iswow64 = 164
    mygdiplusStartup = 7
    mygdiplusShutdown = 6
    myRtlGetNtVersionNumbers = 166
    mygdipCreateBitmapFromFile = 10
    mygdipDisposeImage = 9
    mygdipCreateHBITMAPFromBitmap = 8
    gdipToken = 15465304
    myaddfont = 3
    myremovefont = 4
    PosRect = {0,0,434,435}
    LPRECT = {1228,291,1746,789}
    tPoint = 15465348
    ButtonProcAdress = 16037772
    EditProcAdress = 15262408
    ListBoxProcAdress = 15262452
    StaticProcAdress = 15262496
    ProgressProcAdress = 15262540
    ComboBoxProcAdress = 16039048
    RichEditProcAdress = 16039092
    ListViewProcAdress = 16038960
    OldButtonProcAdress = 4294903451
    OldEditProcAdress = <novalue>
    OldListBoxProcAdress = <novalue>
    OldStaticProcAdress = <novalue>
    OldProgressProcAdress = <novalue>
    OldComboBoxProcAdress = <novalue>
    OldRichEditProcAdress = <novalue>
    OldListViewProcAdress = <novalue>
    Void = 1
    EWG = 1
    CloseEventEnabled = 0
    UseTransparentPics = 0
    WinOnTop = 0
    ShowFlag = 1
    AutoResize = 1
    UserTrap = 0
    GameLoop = 0
    WinHwnd = 788094
    Event = 1001
    intEvent = 1001
    EventOwner = 788094
    intEventOwner = 788094
    EventItem = 0
    intEventItem = 0
    PictureHandle = 0
    WindowType = 3001
    MouseX = 371
    MouseY = 449
    Ticks = 199
    FN_DEFAULT = 9044003
    FN_FIXED = 59375827
    Calendar = 32' '
    IpEdit = 33'!'
    RichEdit = 34'"'
    Fake = 49'1'
    UserDefControl = 50'2'
    MainWin = 51'3'
    ToolTip = 52'4'
    SSaver = 3007
    PressedKey = -1
    EraseBkg = 1
    TrappedMsgList = {0}
    TrappedMsg = {0,0,0,0}
    MessageBoxReturnValue = <novalue>
    WinBackGround = 16
    DC_BrushColor = 3239054796
    DC_PenColor = 1429212813
    DC_BkColor = 4294967295
    DC_DefaultControl = 788094
    DC_ActColor = 0
    DC_ActPenSize = 1
    DC_ActPenStyle = 0
    DC_ActFont = 571084265
    DC_HOLLOWBRUSH = 9437205
    ParentWnd = 788094
    SpecialMode = 0
    DefaultPrinter = `none`
    Print_ActFont = 9044003
    Print_ActColor = 0
    Printhdc = 0
    ctlEvent = 1012
    ctlEventOwner = 919174
    ctlEventItem = 0
    NoVisualStyles = 0
    CopyMode = 13369376
    XEventOwner = 0
    XRestore = 0
    IsMiniMized = 0
    DialogIsChild = 1
    DialogIsRealChild = 0
    tinEWGApp = `tinEWGApp`
    resize_controls[1..2] = {{788094,696,286,528,508,0,0,0,0,0,51'3',0,395332},{395332,0,0,0,0,788094,1,0,0,0,52'4',0,0}}
    resize_controls[3] = {1181370,442,4,76'L',34'"',788094,1,0,0,0,1,0,395332}
    resize_controls[4] = {1967720,442,40'(',76'L',34'"',788094,1,0,0,0,1,0,395332}
    resize_controls[5] = {919172,442,76'L',75'K',34'"',788094,1,0,0,0,1,0,395332}
    resize_controls[6] = {395274,442,112'p',76'L',34'"',788094,1,0,0,0,1,0,395332}
    resize_controls[7] = {525960,442,156,76'L',34'"',788094,1,0,0,0,22,0,395332}
    resize_controls[8] = {525986,442,192,76'L',34'"',788094,1,0,0,0,22,0,395332}
    resize_controls[9] = {1443538,442,228,76'L',34'"',788094,1,0,0,0,1,0,395332}
    resize_controls[10..11] = {{1836644,442,264,76'L',34'"',788094,1,0,0,0,1,0,395332},{657020,442,300,76'L',34'"',788094,1,0,0,0,1,0,395332}}
    resize_controls[12..13] = {{722630,442,336,76'L',34'"',788094,1,0,0,0,1,0,395332},{329826,442,372,76'L',34'"',788094,1,0,0,0,1,0,395332}}
    resize_controls[14..15] = {{525982,442,408,76'L',34'"',788094,1,0,0,0,1,0,395332},{919174,442,444,76'L',34'"',788094,1,0,0,0,1,0,395332}}
    PaintProcs = {{0,0},{788094,8735}}
    GDIBrushes = {{0,0}}
    GDIBitmaps = {{0,0}}
    Click_Event = 0
    RClick_Event = 0
    Release_Event = 0
    Move_Event = 0
    RRelease_Event = 0
    DClick_Event = 0
    Key_Event = 0
    HotKey_Event = 0
    Restore_Event = 0
    Close_Event = 0
    Time_Event = 0
    Menu_Event = 0
    Default_Event = 0
    Data_Event = 0
    Mci_Event = 0
    Paint_Event = 0
    ReSize_Event = 0
    IPC_DATASTRING = 1414090323
    IPC_DATADATA = 1414090308
    IPC_DATANONE = 0
    IPC_BUFFER = 13906040
    IPC_COPYDATASTRUCT = 16037728
    IPC_DATATYPE = 0
    IPC_FRIEND = 0
    window_list = <novalue>

 D:\devpool\Phixsetup1.0.4\Phix\builtins\get.e:
    input_file = <novalue>
    input_string = <novalue>
    string_next = 0
    ch = 0
    get_line_no = 0

 D:\devpool\Phixsetup1.0.4\Phix\builtins\VM\pcfunc.e:
    libaninit = 0
    libaddrs = <novalue>
    libnames = <novalue>
    libsafe = <novalue>
    table[1] = {`FindExecutableA`,1.407244087e+14,{33554440,33554440,33554440},33554440,1,1}
    table[2] = {`AssocQueryStringA`,1.40724419e+14,{16777220,16777220,33554440,33554440,33554440,33554440},16777220,1,1}
    table[3] = {`AddFontResourceExA`,1.407244193e+14,{33554440,33554436,33554440},16777220,1,1}
    table[4] = {`RemoveFontMemResourceEx`,1.407244193e+14,{33554440},16777220,1,1}
    table[5..6] = {{`GetStockObject`,1.407244193e+14,{16777220},33554440,1,1},{`GdiplusShutdown`,1.407240422e+14,{33554440},0,1,1}}
    table[7] = {`GdiplusStartup`,1.407240422e+14,{33554440,33554440,33554440},16777220,1,1}
    table[8] = {`GdipCreateHBITMAPFromBitmap`,1.407240424e+14,{33554440,33554440,33554436},16777220,1,1}
    table[9] = {`GdipDisposeImage`,1.407240422e+14,{33554440},16777220,1,1}
    table[10] = {`GdipCreateBitmapFromFile`,1.407240424e+14,{33554440,33554440},16777220,1,1}
    table[11] = {`SHBrowseForFolderA`,1.407244089e+14,{33554440},33554440,1,1}
    table[12] = {`SHGetPathFromIDList`,1.407244084e+14,{33554440,33554440},33554436,1,1}
    table[13] = {`LoadIconA`,1.407244165e+14,{33554440,33554440},33554440,1,1}
    table[14..15] = {{`LoadCursorA`,1.407244165e+14,{33554440,33554440},33554440,1,1},{`SetCursor`,1.407244165e+14,{33554440},33554440,1,1}}
    table[16] = {`LoadImageA`,1.407244165e+14,{33554440,33554440,33554436,16777220,16777220,33554436},33554440,1,1}
    table[17] = {`RegisterClassExA`,1.407244168e+14,{33554440},16777218,1,1}
    table[18][1..2] = {`CreateWindowExA`,1.407244165e+14}
    table[18][3] = {33554436,33554440,33554440,33554436,16777220,16777220,16777220,16777220,33554440,33554440,33554440,33554440}
    table[18][4..6] = {33554440,1,1}
    table[19..20] = {{`ShowWindow`,1.407244165e+14,{33554440,16777220},16777220,1,1},{`UpdateWindow`,1.407244163e+14,{33554440},16777220,1,1}}
    table[21] = {`GetMessageA`,1.407244165e+14,{33554440,33554440,33554436,33554436},16777220,1,1}
    table[22] = {`PeekMessageA`,1.407244163e+14,{33554440,33554440,33554436,33554436,33554436},16777220,1,1}
    table[23] = {`TranslateMessage`,1.407244163e+14,{33554440},16777220,1,1}
    table[24] = {`DispatchMessageA`,1.407244165e+14,{33554440},33554440,1,1}
    table[25] = {`PlaySound`,1.40724217e+14,{33554440,33554440,33554436},16777220,1,1}
    table[26] = {`BeginPaint`,1.407244165e+14,{33554440,33554440},33554440,1,1}
    table[27] = {`GetClientRect`,1.407244164e+14,{33554440,33554440},16777220,1,1}
    table[28] = {`GetWindowRect`,1.407244164e+14,{33554440,33554440},16777220,1,1}
    table[29] = {`DrawTextA`,1.407244166e+14,{33554440,33554440,16777220,33554440,33554436},16777220,1,1}
    table[30..31] = {{`EndPaint`,1.407244165e+14,{33554440,33554440},16777220,1,1},{`PostQuitMessage`,1.407244165e+14,{16777220},0,1,1}}
    table[32] = {`DefWindowProcA`,1.407244343e+14,{33554440,33554436,33554440,33554440},33554440,1,1}
    table[33] = {`MapVirtualKeyA`,1.407244168e+14,{33554436,33554436},33554436,1,1}
    table[34] = {`PostMessageA`,1.407244165e+14,{33554440,33554436,33554440,33554440},33554440,1,1}
    table[35] = {`SendMessageA`,1.407244165e+14,{33554440,33554436,33554440,33554440},33554440,1,1}
    table[36] = {`keybd_event`,1.407244168e+14,{16777217,16777217,16777220,16777220},0,1,1}
    table[37] = {`GetKeyState`,1.407244164e+14,{16777220},16777220,1,1}
    table[38] = {`SetWindowTextA`,1.407244168e+14,{33554440,33554440},16777220,1,1}
    table[39] = {`GetWindowTextA`,1.407244163e+14,{33554440,33554440,16777220},16777220,1,1}
    table[40..41] = {{`GetDesktopWindow`,1.407244163e+14,{},33554440,1,1},{`SetActiveWindow`,1.407244165e+14,{33554440},33554440,1,1}}
    table[42..43] = {{`GetActiveWindow`,1.407244165e+14,{},33554440,1,1},{`GetTopWindow`,1.407244165e+14,{16777220},16777220,1,1}}
    table[44] = {`GetWindow`,1.407244163e+14,{16777220,16777220},16777220,1,1}
    table[45] = {`MessageBoxA`,1.407244168e+14,{16777220,33554440,33554440,16777220},16777220,1,1}
    table[46..47] = {{`SetForegroundWindow`,1.407244165e+14,{16777220},16777220,1,1},{`SetFocus`,1.407244165e+14,{16777220},16777220,1,1}}
    table[48..49] = {{`BringWindowToTop`,1.407244165e+14,{16777220},16777220,1,1},{`GetVersionExA`,1.407244212e+14,{33554440},0,1,1}}
    table[50] = {`SetWindowsHookExA`,1.407244166e+14,{16777220,33554440,16777220,16777220},16777220,1,1}
    table[51] = {`UnhookWindowsHookEx`,1.407244165e+14,{16777220},16777220,1,1}
    table[52] = {`CallNextHookEx`,1.407244163e+14,{16777220,16777220,16777220,16777220},16777220,1,1}
    table[53] = {`ExitWindowsEx`,1.407244165e+14,{16777220,16777220},16777220,1,1}
    table[54..55] = {{`GetClassNameA`,1.407244168e+14,{16777220,33554440,16777220},16777220,1,1},{`Sleep`,1.407244212e+14,{33554440},0,1,1}}
    table[56..57] = {{`IsWindowVisible`,1.407244164e+14,{33554440},16777220,1,1},{`IsIconic`,1.407244163e+14,{33554440},16777220,1,1}}
    table[58..59] = {{`IsZoomed`,1.407244164e+14,{33554440},16777220,1,1},{`EnumWindows`,1.407244164e+14,{33554440,33554440},16777220,1,1}}
    table[60] = {`FindWindowA`,1.407244168e+14,{16777220,16777220},16777220,1,1}
    table[61..62] = {{`WinExec`,1.407244215e+14,{33554440,16777220},16777220,1,1},{`DestroyWindow`,1.407244165e+14,{33554440},16777220,1,1}}
    table[63..64] = {{`GetDC`,1.407244164e+14,{33554440},33554440,1,1},{`GetWindowDC`,1.407244165e+14,{33554440},33554440,1,1}}
    table[65..66] = {{`DeleteDC`,1.407244193e+14,{33554440},16777220,1,1},{`ReleaseDC`,1.407244164e+14,{33554440,33554440},16777220,1,1}}
    table[67] = {`SetBkMode`,1.407244193e+14,{33554440,16777220},0,1,1}
    table[68] = {`SetTextColor`,1.407244193e+14,{33554440,33554436},33554436,1,1}
    table[69] = {`SetBkColor`,1.407244193e+14,{33554440,33554436},33554436,1,1}
    table[70..71] = {{`CreateSolidBrush`,1.407244193e+14,{33554436},33554440,1,1},{`DeleteObject`,1.407244193e+14,{16777220},16777220,1,1}}
    table[72] = {`GetSysColorBrush`,1.407244164e+14,{16777220},33554440,1,1}
    table[73] = {`InvalidateRect`,1.407244165e+14,{33554440,33554440,16777220},16777220,1,1}
    table[74] = {`RedrawWindow`,1.407244165e+14,{33554440,33554440,33554440,33554436},16777220,1,1}
    table[75] = {`SelectObject`,1.407244193e+14,{33554440,33554440},33554440,1,1}
    table[76] = {`CreateCompatibleDC`,1.407244193e+14,{33554440},33554440,1,1}
    table[77] = {`CreateCompatibleBitmap`,1.407244193e+14,{33554440,33554440,33554440},33554440,1,1}
    table[78] = {`Rectangle`,1.407244193e+14,{33554440,16777220,16777220,16777220,16777220},0,1,1}
    table[79] = {`Ellipse`,1.407244194e+14,{33554440,16777220,16777220,16777220,16777220},0,1,1}
    table[80] = {`SetDCBrushColor`,1.407244193e+14,{33554440,33554440},0,1,1}
    table[81] = {`SetDCPenColor`,1.407244193e+14,{33554440,33554440},0,1,1}
    table[82] = {`FillRect`,1.407244164e+14,{33554440,33554440,33554440},0,1,1}
    table[83] = {`MoveToEx`,1.407244193e+14,{33554440,33554440,33554440,33554440},0,1,1}
    table[84] = {`LineTo`,1.407244193e+14,{33554440,33554440,33554440},0,1,1}
    table[85] = {`Polyline`,1.407244194e+14,{33554440,33554440,33554440},0,1,1}
    table[86] = {`Polygon`,1.407244194e+14,{33554440,33554440,33554440},0,1,1}
    table[87] = {`CreatePen`,1.407244193e+14,{33554440,33554440,33554440},33554440,1,1}
    table[88] = {`GetPixel`,1.407244193e+14,{33554440,33554440,33554440},33554440,1,1}
    table[89] = {`SetPixel`,1.407244193e+14,{33554440,33554440,33554440,33554440},33554440,1,1}
    table[90][1..2] = {`StretchBlt`,1.407244193e+14}
    table[90][3..6] = {{33554440,16777220,16777220,16777220,16777220,33554440,16777220,16777220,16777220,16777220,33554436},16777220,1,1}
    table[91][1..4] = {`BitBlt`,1.407244193e+14,{33554440,16777220,16777220,16777220,16777220,33554440,16777220,16777220,33554436},16777220}
    table[91][5..6] = {1,1}
    table[92][1..2] = {`CreateFontA`,1.407244194e+14}
    table[92][3][1..12] = {16777220,16777220,16777220,16777220,16777220,33554436,33554436,33554436,33554436,33554436,33554436,33554436}
    table[92][3][13..14] = {33554436,33554440}
    table[92][4..6] = {33554440,1,1}
    table[93] = {`ChooseFontA`,1.407244183e+14,{33554440},16777220,1,1}
    table[94] = {`TextOutA`,1.407244194e+14,{33554440,16777220,16777220,33554440,16777220},33554440,1,1}
    table[95] = {`GetTextExtentPoint32A`,1.407244194e+14,{33554440,33554440,16777220,16777220},16777220,1,1}
    table[96] = {`GetObjectA`,1.407244193e+14,{33554440,16777220,33554440},16777220,1,1}
    table[97] = {`SetStretchBltMode`,1.407244193e+14,{33554440,16777220},0,1,1}
    table[98] = {`SetTimer`,1.407244164e+14,{33554440,16777220,16777220,16777220},16777220,1,1}
    table[99] = {`KillTimer`,1.407244165e+14,{33554440,33554440},16777220,1,1}
    table[100] = {`MoveWindow`,1.407244165e+14,{33554440,16777220,16777220,16777220,16777220,16777220},0,1,1}
    table[101] = {`CreateToolhelp32Snapshot`,1.407244212e+14,{16777220,16777220},33554440,1,1}
    table[102] = {`CloseHandle`,1.407244212e+14,{16777220},16777220,1,1}
    table[103] = {`Module32First`,1.407244215e+14,{16777220,33554440},16777220,1,1}
    table[104] = {`Module32Next`,1.407244215e+14,{16777220,33554440},16777220,1,1}
    table[105] = {`Process32First`,1.407244215e+14,{16777220,33554440},16777220,1,1}
    table[106..107] = {{`Process32Next`,1.407244215e+14,{16777220,33554440},16777220,1,1},{`GetLastError`,1.407244212e+14,{},16777220,1,1}}
    table[108] = {`GetWindowThreadProcessId`,1.407244163e+14,{16777220,33554440},16777220,1,1}
    table[109] = {`GetCurrentThreadId`,1.407244212e+14,{},16777220,1,1}
    table[110] = {`AttachThreadInput`,1.407244165e+14,{16777220,16777220,16777220},16777220,1,1}
    table[111] = {`GetForegroundWindow`,1.407244165e+14,{},33554440,1,1}
    table[112] = {`SetWindowTheme`,1.407243501e+14,{33554440,33554440,33554440},0,1,1}
    table[113] = {`GetSystemMetrics`,1.407244164e+14,{16777220},16777220,1,1}
    table[114] = {`InitCommonControlsEx`,1.407240399e+14,{33554440},16777220,1,1}
    table[115] = {`EnableWindow`,1.407244165e+14,{33554440,16777220},16777220,1,1}
    table[116] = {`ChildWindowFromPoint`,1.407244168e+14,{33554440,33554440},33554440,1,1}
    table[117] = {`AnimateWindow`,1.407244168e+14,{33554440,16777220,16777220},16777220,1,1}
    table[118] = {`GetOpenFileNameA`,1.407244183e+14,{33554440},16777220,1,1}
    table[119..120] = {{`GetSaveFileNameA`,1.407244183e+14,{33554440},16777220,1,1},{`CommDlgExtendedError`,1.407244183e+14,{},16777220,1,1}}
    table[121] = {`CallWindowProcA`,1.407244166e+14,{33554440,33554440,33554436,33554440,33554440},33554440,1,1}
    table[122] = {`SetWindowLongPtrA`,1.407244165e+14,{33554440,16777220,33554440},33554440,1,1}
    table[123] = {`GetWindowLongPtrA`,1.407244164e+14,{33554440,16777220},33554440,1,1}
    table[124] = {`MultiByteToWideChar`,1.407244212e+14,{33554436,33554440,33554440,16777220,33554440,16777220},16777220,1,1}
    table[125] = {`GetSysColor`,1.407244164e+14,{16777220},33554440,1,1}
    table[126] = {`ShellExecuteA`,1.407244082e+14,{33554440,33554440,33554440,33554440,33554440,16777220},16777220,1,1}
    table[127] = {`GetVersionExA`,1.407244212e+14,{33554440},0,1,1}
    table[128] = {`GetWindowThreadProcessId`,1.407244163e+14,{16777220,33554440},16777220,1,1}
    table[129] = {`GetCurrentThreadId`,1.407244212e+14,{},16777220,1,1}
    table[130] = {`AttachThreadInput`,1.407244165e+14,{16777220,16777220,16777220},16777220,1,1}
    table[131..132] = {{`GetForegroundWindow`,1.407244165e+14,{},33554440,1,1},{`SetForegroundWindow`,1.407244165e+14,{33554440},16777220,1,1}}
    table[133..134] = {{`BringWindowToTop`,1.407244165e+14,{33554440},16777220,1,1},{`SetActiveWindow`,1.407244165e+14,{33554440},16777220,1,1}}
    table[135..136] = {{`GetActiveWindow`,1.407244165e+14,{},33554440,1,1},{`GetDeviceCaps`,1.407244193e+14,{33554440,16777220},16777220,1,1}}
    table[137] = {`GetDefaultPrinterA`,1.407240384e+14,{33554440,33554440},16777220,1,1}
    table[138..139] = {{`StartDocA`,1.407244194e+14,{33554440,33554440},16777220,1,1},{`EndDoc`,1.407244193e+14,{33554440},16777220,1,1}}
    table[140..141] = {{`StartPage`,1.407244193e+14,{33554440},16777220,1,1},{`EndPage`,1.407244193e+14,{33554440},16777220,1,1}}
    table[142] = {`CreateDCA`,1.407244193e+14,{33554440,33554440,33554440,33554440},33554440,1,1}
    table[143..144] = {{`PrintWindow`,1.407244165e+14,{33554440,33554440,33554436},0,1,1},{`PrintDlgA`,1.407244184e+14,{33554440},16777220,1,1}}
    table[145] = {`AppendMenuA`,1.407244168e+14,{33554440,33554436,33554436,33554440},33554436,1,1}
    table[146] = {`CheckMenuItem`,1.407244164e+14,{33554440,33554436,33554436},33554436,1,1}
    table[147..148] = {{`CreateMenu`,1.407244165e+14,{},33554440,1,1},{`DestroyMenu`,1.407244165e+14,{33554440},33554436,1,1}}
    table[149] = {`EnableMenuItem`,1.407244164e+14,{33554440,33554436,33554436},33554436,1,1}
    table[150..151] = {{`SetMenu`,1.407244165e+14,{33554440,33554440},33554436,1,1},{`CreatePopupMenu`,1.407244165e+14,{},33554440,1,1}}
    table[152] = {`TrackPopupMenu`,1.407244168e+14,{33554440,33554436,16777220,16777220,16777220,33554440,33554440},33554436,1,1}
    table[153] = {`DrawMenuBar`,1.407244165e+14,{33554440},16777220,1,1}
    table[154] = {`SetMenuItemBitmaps`,1.407244163e+14,{33554440,33554436,33554436,33554440,33554440},16777220,1,1}
    table[155] = {`GetMenuItemInfoA`,1.407244168e+14,{33554440,16777220,16777220,33554440},16777220,1,1}
    table[156..157] = {{`OpenClipboard`,1.407244165e+14,{33554440},16777220,1,1},{`EmptyClipboard`,1.407244165e+14,{},16777220,1,1}}
    table[158..159] = {{`SetClipboardData`,1.407244165e+14,{33554436,33554440},33554440,1,1},{`CloseClipboard`,1.407244165e+14,{},16777220,1,1}}
    table[160] = {`SetLayeredWindowAttributes`,1.407244165e+14,{33554440,33554440,16777217,33554440},16777220,1,1}
    table[161] = {`mciSendStringA`,1.40724217e+14,{33554440,33554440,33554436,33554440},16777220,1,1}
    table[162] = {`GetShortPathNameA`,1.407244215e+14,{33554440,33554440,33554436},16777220,1,1}
    table[163] = {`SetProcessDefaultLayout`,1.407244168e+14,{33554436},0,1,1}
    table[164..165] = {{`IsWow64Process`,1.407244212e+14,{33554440,33554440},0,1,1},{`GetCurrentProcess`,1.407244212e+14,{},33554440,1,1}}
    table[166] = {`RtlGetNtVersionNumbers`,1.407244345e+14,{33554440,33554440,33554440},0,1,1}
    previd = {5302,5319,5370,5387,5287,5272,5353,5336,5404}
    prevcb = {16037772,15262408,15262452,15262496,15262540,16039048,16039092,16038960,15263156}
    tinit = 1
    tcs = 4009694
    tmax = 166

 D:\devpool\Phixsetup1.0.4\Phix\builtins\ubits.e:
    pMem = 0

 D:\devpool\Phixsetup1.0.4\Phix\builtins\VM\pprntfN.e:
    init2 = 1
    inf = inf
    nan = nan
    prefer_backtick = 0
    hexchar = `0123456789ABCDEFGHIJKLMNOPQRSTUVWXYZabcdefghijklmnopqrstuvwxyz`
    dxoetc = `dxobstncvVefgEXG`
    bases = {10,16,8,2}
    unicode_align = 0

 D:\devpool\projects\demo\SUDOKU\SUDOKU.EXW:
    candidates[1][1..5] = {{1,1,1,1,1,1,1,1,1},{1,1,1,1,1,1,1,1,1},{1,1,1,1,1,1,1,1,1},{1,1,1,1,1,1,1,1,1},{1,1,1,1,1,1,1,1,1}}
    candidates[1][6..9] = {{1,1,1,1,1,1,1,1,1},{1,1,1,1,1,1,1,1,1},{1,1,1,1,1,1,1,1,1},{1,1,1,1,1,1,1,1,1}}
    candidates[2][1..5] = {{1,1,1,1,1,1,1,1,1},{1,1,1,1,1,1,1,1,1},{1,1,1,1,1,1,1,1,1},{1,1,1,1,1,1,1,1,1},{1,1,1,1,1,1,1,1,1}}
    candidates[2][6..9] = {{1,1,1,1,1,1,1,1,1},{1,1,1,1,1,1,1,1,1},{1,1,1,1,1,1,1,1,1},{1,1,1,1,1,1,1,1,1}}
    candidates[3][1..5] = {{1,1,1,1,1,1,1,1,1},{1,1,1,1,1,1,1,1,1},{1,1,1,1,1,1,1,1,1},{1,1,1,1,1,1,1,1,1},{1,1,1,1,1,1,1,1,1}}
    candidates[3][6..9] = {{1,1,1,1,1,1,1,1,1},{1,1,1,1,1,1,1,1,1},{1,1,1,1,1,1,1,1,1},{1,1,1,1,1,1,1,1,1}}
    candidates[4][1..5] = {{1,1,1,1,1,1,1,1,1},{1,1,1,1,1,1,1,1,1},{1,1,1,1,1,1,1,1,1},{1,1,1,1,1,1,1,1,1},{1,1,1,1,1,1,1,1,1}}
    candidates[4][6..9] = {{1,1,1,1,1,1,1,1,1},{1,1,1,1,1,1,1,1,1},{1,1,1,1,1,1,1,1,1},{1,1,1,1,1,1,1,1,1}}
    candidates[5][1..5] = {{1,1,1,1,1,1,1,1,1},{1,1,1,1,1,1,1,1,1},{1,1,1,1,1,1,1,1,1},{1,1,1,1,1,1,1,1,1},{1,1,1,1,1,1,1,1,1}}
    candidates[5][6..9] = {{1,1,1,1,1,1,1,1,1},{1,1,1,1,1,1,1,1,1},{1,1,1,1,1,1,1,1,1},{1,1,1,1,1,1,1,1,1}}
    candidates[6][1..5] = {{1,1,1,1,1,1,1,1,1},{1,1,1,1,1,1,1,1,1},{1,1,1,1,1,1,1,1,1},{1,1,1,1,1,1,1,1,1},{1,1,1,1,1,1,1,1,1}}
    candidates[6][6..9] = {{1,1,1,1,1,1,1,1,1},{1,1,1,1,1,1,1,1,1},{1,1,1,1,1,1,1,1,1},{1,1,1,1,1,1,1,1,1}}
    candidates[7][1..5] = {{1,1,1,1,1,1,1,1,1},{1,1,1,1,1,1,1,1,1},{1,1,1,1,1,1,1,1,1},{1,1,1,1,1,1,1,1,1},{1,1,1,1,1,1,1,1,1}}
    candidates[7][6..9] = {{1,1,1,1,1,1,1,1,1},{1,1,1,1,1,1,1,1,1},{1,1,1,1,1,1,1,1,1},{1,1,1,1,1,1,1,1,1}}
    candidates[8][1..5] = {{1,1,1,1,1,1,1,1,1},{1,1,1,1,1,1,1,1,1},{1,1,1,1,1,1,1,1,1},{1,1,1,1,1,1,1,1,1},{1,1,1,1,1,1,1,1,1}}
    candidates[8][6..9] = {{1,1,1,1,1,1,1,1,1},{1,1,1,1,1,1,1,1,1},{1,1,1,1,1,1,1,1,1},{1,1,1,1,1,1,1,1,1}}
    candidates[9][1..5] = {{1,1,1,1,1,1,1,1,1},{1,1,1,1,1,1,1,1,1},{1,1,1,1,1,1,1,1,1},{1,1,1,1,1,1,1,1,1},{1,1,1,1,1,1,1,1,1}}
    candidates[9][6..9] = {{1,1,1,1,1,1,1,1,1},{1,1,1,1,1,1,1,1,1},{1,1,1,1,1,1,1,1,1},{1,1,1,1,1,1,1,1,1}}
    candidates[10][1..5] = {{1,1,1,1,1,1,1,1,1},{1,1,1,1,1,1,1,1,1},{1,1,1,1,1,1,1,1,1},{1,1,1,1,1,1,1,1,1},{1,1,1,1,1,1,1,1,1}}
    candidates[10][6..9] = {{1,1,1,1,1,1,1,1,1},{1,1,1,1,1,1,1,1,1},{1,1,1,1,1,1,1,1,1},{1,1,1,1,1,1,1,1,1}}
    cc = <novalue>
    cells[1..6] = {{0,0,0,0,0,0,0,0,0},{0,0,0,0,0,0,0,0,0},{0,0,0,0,0,0,0,0,0},{0,0,0,0,0,0,0,0,0},{0,0,0,0,0,0,0,0,0},{0,0,0,0,0,0,0,0,0}}
    cells[7..9] = {{0,0,0,0,0,0,0,0,0},{0,0,0,0,0,0,0,0,0},{0,0,0,0,0,0,0,0,0}}
    manual[1][1..5] = {{0,0,0,0,0,0,0,0,0},{0,0,0,0,0,0,0,0,0},{0,0,0,0,0,0,0,0,0},{0,0,0,0,0,0,0,0,0},{0,0,0,0,0,0,0,0,0}}
    manual[1][6..9] = {{0,0,0,0,0,0,0,0,0},{0,0,0,0,0,0,0,0,0},{0,0,0,0,0,0,0,0,0},{0,0,0,0,0,0,0,0,0}}
    manual[2][1..5] = {{0,0,0,0,0,0,0,0,0},{0,0,0,0,0,0,0,0,0},{0,0,0,0,0,0,0,0,0},{0,0,0,0,0,0,0,0,0},{0,0,0,0,0,0,0,0,0}}
    manual[2][6..9] = {{0,0,0,0,0,0,0,0,0},{0,0,0,0,0,0,0,0,0},{0,0,0,0,0,0,0,0,0},{0,0,0,0,0,0,0,0,0}}
    manual[3][1..5] = {{0,0,0,0,0,0,0,0,0},{0,0,0,0,0,0,0,0,0},{0,0,0,0,0,0,0,0,0},{0,0,0,0,0,0,0,0,0},{0,0,0,0,0,0,0,0,0}}
    manual[3][6..9] = {{0,0,0,0,0,0,0,0,0},{0,0,0,0,0,0,0,0,0},{0,0,0,0,0,0,0,0,0},{0,0,0,0,0,0,0,0,0}}
    manual[4][1..5] = {{0,0,0,0,0,0,0,0,0},{0,0,0,0,0,0,0,0,0},{0,0,0,0,0,0,0,0,0},{0,0,0,0,0,0,0,0,0},{0,0,0,0,0,0,0,0,0}}
    manual[4][6..9] = {{0,0,0,0,0,0,0,0,0},{0,0,0,0,0,0,0,0,0},{0,0,0,0,0,0,0,0,0},{0,0,0,0,0,0,0,0,0}}
    manual[5][1..5] = {{0,0,0,0,0,0,0,0,0},{0,0,0,0,0,0,0,0,0},{0,0,0,0,0,0,0,0,0},{0,0,0,0,0,0,0,0,0},{0,0,0,0,0,0,0,0,0}}
    manual[5][6..9] = {{0,0,0,0,0,0,0,0,0},{0,0,0,0,0,0,0,0,0},{0,0,0,0,0,0,0,0,0},{0,0,0,0,0,0,0,0,0}}
    manual[6][1..5] = {{0,0,0,0,0,0,0,0,0},{0,0,0,0,0,0,0,0,0},{0,0,0,0,0,0,0,0,0},{0,0,0,0,0,0,0,0,0},{0,0,0,0,0,0,0,0,0}}
    manual[6][6..9] = {{0,0,0,0,0,0,0,0,0},{0,0,0,0,0,0,0,0,0},{0,0,0,0,0,0,0,0,0},{0,0,0,0,0,0,0,0,0}}
    manual[7][1..5] = {{0,0,0,0,0,0,0,0,0},{0,0,0,0,0,0,0,0,0},{0,0,0,0,0,0,0,0,0},{0,0,0,0,0,0,0,0,0},{0,0,0,0,0,0,0,0,0}}
    manual[7][6..9] = {{0,0,0,0,0,0,0,0,0},{0,0,0,0,0,0,0,0,0},{0,0,0,0,0,0,0,0,0},{0,0,0,0,0,0,0,0,0}}
    manual[8][1..5] = {{0,0,0,0,0,0,0,0,0},{0,0,0,0,0,0,0,0,0},{0,0,0,0,0,0,0,0,0},{0,0,0,0,0,0,0,0,0},{0,0,0,0,0,0,0,0,0}}
    manual[8][6..9] = {{0,0,0,0,0,0,0,0,0},{0,0,0,0,0,0,0,0,0},{0,0,0,0,0,0,0,0,0},{0,0,0,0,0,0,0,0,0}}
    manual[9][1..5] = {{0,0,0,0,0,0,0,0,0},{0,0,0,0,0,0,0,0,0},{0,0,0,0,0,0,0,0,0},{0,0,0,0,0,0,0,0,0},{0,0,0,0,0,0,0,0,0}}
    manual[9][6..9] = {{0,0,0,0,0,0,0,0,0},{0,0,0,0,0,0,0,0,0},{0,0,0,0,0,0,0,0,0},{0,0,0,0,0,0,0,0,0}}
    manual[10][1..5] = {{0,0,0,0,0,0,0,0,0},{0,0,0,0,0,0,0,0,0},{0,0,0,0,0,0,0,0,0},{0,0,0,0,0,0,0,0,0},{0,0,0,0,0,0,0,0,0}}
    manual[10][6..9] = {{0,0,0,0,0,0,0,0,0},{0,0,0,0,0,0,0,0,0},{0,0,0,0,0,0,0,0,0},{0,0,0,0,0,0,0,0,0}}
    message = `Let's play sudoku...`
    seeds[1..6] = {{0,0,0,0,0,0,0,0,0},{0,0,0,0,0,0,0,0,0},{0,0,0,0,0,0,0,0,0},{0,0,0,0,0,0,0,0,0},{0,0,0,0,0,0,0,0,0},{0,0,0,0,0,0,0,0,0}}
    seeds[7..9] = {{0,0,0,0,0,0,0,0,0},{0,0,0,0,0,0,0,0,0},{0,0,0,0,0,0,0,0,0}}
    solution = <novalue>
    col = <novalue>
    dx = <novalue>
    dy = <novalue>
    hiliteFlag = 10
    k = <novalue>
    m = 9
    n = 10
    ns = <novalue>
    row = <novalue>
    seeded = 0
    setCount = 0
    sex = 185
    tries = <novalue>

 D:\devpool\Phixsetup1.0.4\Phix\builtins\ppp.e:
    ppp_Maxlen = 78'N'
    ppp_Indent = 0
    ppp_Nest = 0
    ppp_Pause = 0
    ppp_StrFmt = 0
    ppp_IntCh = 0
    ppp_Init = 0
    ppp_Ascii = <novalue>
    ppp_IntFmt = <novalue>
    ppp_FltFmt = <novalue>
    ppp_Date = <novalue>
    ppp_Br = <novalue>
    ppp_Q22 = 0
    ascii = <novalue>
    ppp_File = 1
    ppp_result = <novalue>
    pline = <novalue>
    plen = 0
    sline = 0
    nindent = <novalue>
    escBytes = <novalue>
    escChars = <novalue>
    constants = <novalue>
    cl1q = 0
    cllq = 0
